app/app/build/intermediates/manifest_merge_blame_file/release/manifest-merger-blame-release-report.txt
1<?xml version="1.0" encoding="utf-8"?>
2<manifest xmlns:android="http://schemas.android.com/apk/res/android"
3    package="com.example.mulheresag"
4    android:versionCode="1"
5    android:versionName="1.0" >
6
7    <uses-sdk
8        android:minSdkVersion="18"
8-->src\main\AndroidManifest.xml
9        android:targetSdkVersion="29" />
9-->src\main\AndroidManifest.xml
10
11    <uses-permission android:name="android.permission.INTERNET" />
11-->src\main\AndroidManifest.xml:5:5-67
11-->src\main\AndroidManifest.xml:5:22-64
12    <uses-permission android:name="com.google.android.c2dm.permission.RECEIVE" />
12-->src\main\AndroidManifest.xml:6:5-82
12-->src\main\AndroidManifest.xml:6:22-79
13    <uses-permission android:name="android.permission.ACCESS_NETWORK_STATE" />
13-->[com.google.android.gms:play-services-measurement:17.2.0] AndroidManifest.xml:24:5-79
13-->[com.google.android.gms:play-services-measurement:17.2.0] AndroidManifest.xml:24:22-76
14    <uses-permission android:name="android.permission.WAKE_LOCK" />
14-->[com.google.android.gms:play-services-measurement:17.2.0] AndroidManifest.xml:25:5-68
14-->[com.google.android.gms:play-services-measurement:17.2.0] AndroidManifest.xml:25:22-65
15    <uses-permission android:name="com.google.android.finsky.permission.BIND_GET_INSTALL_REFERRER_SERVICE" />
15-->[com.google.android.gms:play-services-measurement:17.2.0] AndroidManifest.xml:26:5-110
15-->[com.google.android.gms:play-services-measurement:17.2.0] AndroidManifest.xml:26:22-107
16
17    <application
17-->src\main\AndroidManifest.xml:7:5-37:19
18        android:allowBackup="true"
18-->src\main\AndroidManifest.xml:8:9-35
19        android:appComponentFactory="androidx.core.app.CoreComponentFactory"
19-->[androidx.core:core:1.2.0] AndroidManifest.xml:24:18-86
20        android:icon="@mipmap/ic_launcher"
20-->src\main\AndroidManifest.xml:9:9-43
21        android:label="@string/app_name"
21-->src\main\AndroidManifest.xml:10:9-41
22        android:roundIcon="@mipmap/ic_launcher_round"
22-->src\main\AndroidManifest.xml:11:9-54
23        android:supportsRtl="true"
23-->src\main\AndroidManifest.xml:12:9-35
24        android:theme="@style/AppTheme" >
24-->src\main\AndroidManifest.xml:13:9-40
25        <activity android:name="com.example.mulheresag.view.MainActivity" >
25-->src\main\AndroidManifest.xml:15:9-21:20
25-->src\main\AndroidManifest.xml:15:19-52
26            <intent-filter>
26-->src\main\AndroidManifest.xml:16:13-20:29
27                <action android:name="android.intent.action.MAIN" />
27-->src\main\AndroidManifest.xml:17:17-69
27-->src\main\AndroidManifest.xml:17:25-66
28
29                <category android:name="android.intent.category.LAUNCHER" />
29-->src\main\AndroidManifest.xml:19:17-77
29-->src\main\AndroidManifest.xml:19:27-74
30            </intent-filter>
31        </activity>
32
33        <service
33-->src\main\AndroidManifest.xml:22:9-28:19
34            android:name="com.example.mulheresag.MyFirebaseMessagingService"
34-->src\main\AndroidManifest.xml:23:13-55
35            android:exported="false" >
35-->src\main\AndroidManifest.xml:24:13-37
36            <intent-filter>
36-->src\main\AndroidManifest.xml:25:13-27:29
37                <action android:name="com.google.firebase.MESSAGING_EVENT" />
37-->src\main\AndroidManifest.xml:26:17-78
37-->src\main\AndroidManifest.xml:26:25-75
38            </intent-filter>
39        </service>
40
41        <meta-data
41-->src\main\AndroidManifest.xml:29:9-31:54
42            android:name="com.google.firebase.messaging.default_notification_icon"
42-->src\main\AndroidManifest.xml:30:13-83
43            android:resource="@mipmap/ic_launcher" />
43-->src\main\AndroidManifest.xml:31:13-51
44        <meta-data
44-->src\main\AndroidManifest.xml:32:9-34:53
45            android:name="com.google.firebase.messaging.default_notification_color"
45-->src\main\AndroidManifest.xml:33:13-84
46            android:resource="@color/colorAccent" />
46-->src\main\AndroidManifest.xml:34:13-50
47        <meta-data
47-->src\main\AndroidManifest.xml:35:9-36:69
48            android:name="com.google.android.gms.version"
48-->src\main\AndroidManifest.xml:35:20-65
49            android:value="@integer/google_play_services_version" />
49-->src\main\AndroidManifest.xml:36:13-66
50        <!--
51             FirebaseMessagingService performs security checks at runtime,
52             but set to not exported to explicitly avoid allowing another app to call it.
53        -->
54        <service
54-->[com.google.firebase:firebase-messaging:20.0.0] AndroidManifest.xml:28:9-34:19
55            android:name="com.google.firebase.messaging.FirebaseMessagingService"
55-->[com.google.firebase:firebase-messaging:20.0.0] AndroidManifest.xml:29:13-82
56            android:exported="false" >
56-->[com.google.firebase:firebase-messaging:20.0.0] AndroidManifest.xml:30:13-37
57            <intent-filter android:priority="-500" >
57-->src\main\AndroidManifest.xml:25:13-27:29
58                <action android:name="com.google.firebase.MESSAGING_EVENT" />
58-->src\main\AndroidManifest.xml:26:17-78
58-->src\main\AndroidManifest.xml:26:25-75
59            </intent-filter>
60        </service>
61
62        <receiver
62-->[com.google.android.gms:play-services-measurement:17.2.0] AndroidManifest.xml:29:9-33:20
63            android:name="com.google.android.gms.measurement.AppMeasurementReceiver"
63-->[com.google.android.gms:play-services-measurement:17.2.0] AndroidManifest.xml:30:13-85
64            android:enabled="true"
64-->[com.google.android.gms:play-services-measurement:17.2.0] AndroidManifest.xml:31:13-35
65            android:exported="false" >
65-->[com.google.android.gms:play-services-measurement:17.2.0] AndroidManifest.xml:32:13-37
66        </receiver>
67        <receiver
67-->[com.google.android.gms:play-services-measurement:17.2.0] AndroidManifest.xml:34:9-42:20
68            android:name="com.google.android.gms.measurement.AppMeasurementInstallReferrerReceiver"
68-->[com.google.android.gms:play-services-measurement:17.2.0] AndroidManifest.xml:35:13-100
69            android:enabled="true"
69-->[com.google.android.gms:play-services-measurement:17.2.0] AndroidManifest.xml:36:13-35
70            android:exported="true"
70-->[com.google.android.gms:play-services-measurement:17.2.0] AndroidManifest.xml:37:13-36
71            android:permission="android.permission.INSTALL_PACKAGES" >
71-->[com.google.android.gms:play-services-measurement:17.2.0] AndroidManifest.xml:38:13-69
72            <intent-filter>
72-->[com.google.android.gms:play-services-measurement:17.2.0] AndroidManifest.xml:39:13-41:29
73                <action android:name="com.android.vending.INSTALL_REFERRER" />
73-->[com.google.android.gms:play-services-measurement:17.2.0] AndroidManifest.xml:40:17-79
73-->[com.google.android.gms:play-services-measurement:17.2.0] AndroidManifest.xml:40:25-76
74            </intent-filter>
75        </receiver>
76
77        <service
77-->[com.google.android.gms:play-services-measurement:17.2.0] AndroidManifest.xml:44:9-47:40
78            android:name="com.google.android.gms.measurement.AppMeasurementService"
78-->[com.google.android.gms:play-services-measurement:17.2.0] AndroidManifest.xml:45:13-84
79            android:enabled="true"
79-->[com.google.android.gms:play-services-measurement:17.2.0] AndroidManifest.xml:46:13-35
80            android:exported="false" />
80-->[com.google.android.gms:play-services-measurement:17.2.0] AndroidManifest.xml:47:13-37
81        <service
81-->[com.google.android.gms:play-services-measurement:17.2.0] AndroidManifest.xml:48:9-52:72
82            android:name="com.google.android.gms.measurement.AppMeasurementJobService"
82-->[com.google.android.gms:play-services-measurement:17.2.0] AndroidManifest.xml:49:13-87
83            android:enabled="true"
83-->[com.google.android.gms:play-services-measurement:17.2.0] AndroidManifest.xml:50:13-35
84            android:exported="false"
84-->[com.google.android.gms:play-services-measurement:17.2.0] AndroidManifest.xml:51:13-37
85            android:permission="android.permission.BIND_JOB_SERVICE" />
85-->[com.google.android.gms:play-services-measurement:17.2.0] AndroidManifest.xml:52:13-69
86        <service
86-->[com.google.android.gms:play-services-measurement-api:17.2.0] AndroidManifest.xml:27:9-33:19
87            android:name="com.google.firebase.components.ComponentDiscoveryService"
87-->[com.google.android.gms:play-services-measurement-api:17.2.0] AndroidManifest.xml:28:13-84
88            android:exported="false" >
88-->[com.google.android.gms:play-services-measurement-api:17.2.0] AndroidManifest.xml:29:13-37
89            <meta-data
89-->[com.google.android.gms:play-services-measurement-api:17.2.0] AndroidManifest.xml:30:13-32:85
90                android:name="com.google.firebase.components:com.google.firebase.analytics.connector.internal.AnalyticsConnectorRegistrar"
90-->[com.google.android.gms:play-services-measurement-api:17.2.0] AndroidManifest.xml:31:17-139
91                android:value="com.google.firebase.components.ComponentRegistrar" />
91-->[com.google.android.gms:play-services-measurement-api:17.2.0] AndroidManifest.xml:32:17-82
92            <meta-data
92-->[com.google.firebase:firebase-iid:20.0.0] AndroidManifest.xml:32:13-34:85
93                android:name="com.google.firebase.components:com.google.firebase.iid.Registrar"
93-->[com.google.firebase:firebase-iid:20.0.0] AndroidManifest.xml:33:17-96
94                android:value="com.google.firebase.components.ComponentRegistrar" />
94-->[com.google.firebase:firebase-iid:20.0.0] AndroidManifest.xml:34:17-82
95        </service>
96
97        <receiver
97-->[com.google.firebase:firebase-iid:20.0.0] AndroidManifest.xml:37:9-44:20
98            android:name="com.google.firebase.iid.FirebaseInstanceIdReceiver"
98-->[com.google.firebase:firebase-iid:20.0.0] AndroidManifest.xml:38:13-78
99            android:exported="true"
99-->[com.google.firebase:firebase-iid:20.0.0] AndroidManifest.xml:39:13-36
100            android:permission="com.google.android.c2dm.permission.SEND" >
100-->[com.google.firebase:firebase-iid:20.0.0] AndroidManifest.xml:40:13-73
101            <intent-filter>
101-->[com.google.firebase:firebase-iid:20.0.0] AndroidManifest.xml:41:13-43:29
102                <action android:name="com.google.android.c2dm.intent.RECEIVE" />
102-->[com.google.firebase:firebase-iid:20.0.0] AndroidManifest.xml:42:17-81
102-->[com.google.firebase:firebase-iid:20.0.0] AndroidManifest.xml:42:25-78
103            </intent-filter>
104        </receiver>
105
106        <provider
106-->[com.google.firebase:firebase-common:19.0.0] AndroidManifest.xml:12:9-16:39
107            android:name="com.google.firebase.provider.FirebaseInitProvider"
107-->[com.google.firebase:firebase-common:19.0.0] AndroidManifest.xml:13:13-77
108            android:authorities="com.example.mulheresag.firebaseinitprovider"
108-->[com.google.firebase:firebase-common:19.0.0] AndroidManifest.xml:14:13-72
109            android:exported="false"
109-->[com.google.firebase:firebase-common:19.0.0] AndroidManifest.xml:15:13-37
110            android:initOrder="100" />
110-->[com.google.firebase:firebase-common:19.0.0] AndroidManifest.xml:16:13-36
111
112        <activity
112-->[com.google.android.gms:play-services-base:17.0.0] AndroidManifest.xml:23:9-26:75
113            android:name="com.google.android.gms.common.api.GoogleApiActivity"
113-->[com.google.android.gms:play-services-base:17.0.0] AndroidManifest.xml:24:13-79
114            android:exported="false"
114-->[com.google.android.gms:play-services-base:17.0.0] AndroidManifest.xml:25:13-37
115            android:theme="@android:style/Theme.Translucent.NoTitleBar" />
115-->[com.google.android.gms:play-services-base:17.0.0] AndroidManifest.xml:26:13-72
116    </application>
117
118</manifest>